[2026-05-16 12:50:07] [INFO] [member] [CONNECT] [ebooks]
[2026-05-16 12:50:07] [INFO] [member] [DISCONNECT] [ebooks]
[2026-05-16 12:50:19] [INFO] [member] [CONNECT] [ebooks]
[2026-05-16 12:50:19] [INFO] [member] [DISCONNECT] [ebooks]
[2026-05-16 12:50:38] [INFO] [member] [CONNECT] [ebooks]
[2026-05-16 12:50:38] [INFO] [member] [DISCONNECT] [ebooks]
[2026-05-16 12:50:45] [INFO] [member] [CONNECT] [ebooks]
[2026-05-16 12:50:45] [WARNING] [member] [DENIED] [ebooks]
[2026-05-16 12:50:45] [WARNING] [member] [DENIED] [ebooks]
[2026-05-16 12:50:45] [INFO] [member] [DISCONNECT] [ebooks]
[2026-05-16 12:50:57] [INFO] [member] [CONNECT] [ebooks]
[2026-05-16 12:50:57] [WARNING] [member] [DENIED] [ebooks]
[2026-05-16 12:50:57] [WARNING] [member] [DENIED] [ebooks]
[2026-05-16 12:50:57] [INFO] [member] [DISCONNECT] [ebooks]
[2026-05-16 12:51:18] [INFO] [contributor] [CONNECT] [ebooks]
[2026-05-16 12:51:18] [INFO] [contributor] [DISCONNECT] [ebooks]
[2026-05-16 12:51:26] [INFO] [contributor] [CONNECT] [ebooks]
[2026-05-16 12:51:26] [WARNING] [contributor] [DENIED] [ebooks]
[2026-05-16 12:51:26] [INFO] [contributor] [WRITE] [test.txt]
[2026-05-16 12:51:26] [INFO] [contributor] [DISCONNECT] [ebooks]
[2026-05-16 12:51:50] [INFO] [librarian] [CONNECT] [ebooks]
[2026-05-16 12:51:50] [INFO] [librarian] [WRITE] [test.txt]
[2026-05-16 12:51:50] [INFO] [librarian] [DISCONNECT] [ebooks]
[2026-05-16 12:52:00] [INFO] [member] [CONNECT] [papers]
[2026-05-16 12:52:00] [WARNING] [member] [DENIED] [papers]
[2026-05-16 12:52:00] [WARNING] [member] [DENIED] [papers]
[2026-05-16 12:52:00] [INFO] [member] [DISCONNECT] [papers]
[2026-05-16 12:52:12] [INFO] [contributor] [CONNECT] [papers]
[2026-05-16 12:52:12] [INFO] [contributor] [DISCONNECT] [papers]
[2026-05-16 12:52:16] [INFO] [contributor] [CONNECT] [papers]
[2026-05-16 12:52:16] [WARNING] [contributor] [DENIED] [papers]
[2026-05-16 12:52:16] [INFO] [contributor] [WRITE] [test.txt]
[2026-05-16 12:52:16] [INFO] [contributor] [DISCONNECT] [papers]
[2026-05-16 12:53:29] [INFO] [contributor] [CONNECT] [papers]
[2026-05-16 12:53:29] [INFO] [contributor] [WRITE] [test.txt]
[2026-05-16 12:53:29] [INFO] [contributor] [DISCONNECT] [papers]
[2026-05-16 12:54:31] [INFO] [member] [CONNECT] [docs]
[2026-05-16 12:54:31] [INFO] [member] [DISCONNECT] [docs]
[2026-05-16 12:54:35] [INFO] [member] [CONNECT] [docs]
[2026-05-16 12:54:35] [WARNING] [member] [DENIED] [docs]
[2026-05-16 12:54:35] [WARNING] [member] [DENIED] [docs]
[2026-05-16 12:54:35] [INFO] [member] [DISCONNECT] [docs]
[2026-05-16 12:54:47] [WARNING] [create_connection_session_info: user 'member' (from session setup) not permitted to access this share (sourcecode)] [DENIED] [sourcecode]
[2026-05-16 12:54:55] [WARNING] [create_connection_session_info: user 'member' (from session setup) not permitted to access this share (sourcecode)] [DENIED] [sourcecode]
[2026-05-16 12:55:07] [WARNING] [create_connection_session_info: user 'member' (from session setup) not permitted to access this share (sourcecode)] [DENIED] [sourcecode]
[2026-05-16 12:55:25] [INFO] [member] [CONNECT] [docs]
[2026-05-16 12:55:25] [WARNING] [member] [DENIED] [docs]
[2026-05-16 12:55:25] [WARNING] [member] [DENIED] [docs]
[2026-05-16 12:55:25] [INFO] [member] [DISCONNECT] [docs]
[2026-05-16 12:57:14] [INFO] [contributor] [CONNECT] [sourcecode]
[2026-05-16 12:57:14] [WARNING] [contributor] [DENIED] [sourcecode]
[2026-05-16 12:57:14] [INFO] [contributor] [WRITE] [test.txt]
[2026-05-16 12:57:14] [INFO] [contributor] [DISCONNECT] [sourcecode]
[2026-05-16 12:57:25] [INFO] [contributor] [CONNECT] [sourcecode]
[2026-05-16 12:57:25] [INFO] [contributor] [WRITE] [test.txt]
[2026-05-16 12:57:25] [INFO] [contributor] [DISCONNECT] [sourcecode]
[2026-05-16 12:57:54] [INFO] [contributor] [CONNECT] [sourcecode]
[2026-05-16 12:57:54] [INFO] [contributor] [WRITE] [test.txt]
[2026-05-16 12:57:54] [INFO] [contributor] [DISCONNECT] [sourcecode]
[2026-05-16 12:58:11] [INFO] [librarian] [CONNECT] [sourcecode]
[2026-05-16 12:58:11] [INFO] [librarian] [WRITE] [test.txt]
[2026-05-16 12:58:11] [INFO] [librarian] [DISCONNECT] [sourcecode]
[2026-05-16 12:58:39] [INFO] [member] [CONNECT] [ebooks]
[2026-05-16 12:58:39] [WARNING] [member] [DENIED] [ebooks]
[2026-05-16 12:58:39] [INFO] [member] [DISCONNECT] [ebooks]
[2026-05-16 12:58:50] [INFO] [member] [CONNECT] [papers]
[2026-05-16 12:58:50] [WARNING] [member] [DENIED] [papers]
[2026-05-16 12:58:50] [INFO] [member] [DISCONNECT] [papers]
[2026-05-16 13:00:38] [INFO] [member] [CONNECT] [papers]
[2026-05-16 13:00:38] [WARNING] [member] [DENIED] [papers]
[2026-05-16 13:00:38] [INFO] [member] [DISCONNECT] [papers]
[2026-05-16 13:01:51] [INFO] [member] [CONNECT] [papers]
[2026-05-16 13:01:51] [WARNING] [member] [DENIED] [papers]
[2026-05-16 13:01:51] [INFO] [member] [DISCONNECT] [papers]
[2026-05-16 13:01:55] [INFO] [member] [CONNECT] [papers]
[2026-05-16 13:01:55] [WARNING] [member] [DENIED] [papers]
[2026-05-16 13:01:55] [INFO] [member] [DISCONNECT] [papers]
[2026-05-16 13:02:07] [INFO] [contributor] [CONNECT] [sourcecode]
[2026-05-16 13:02:07] [INFO] [contributor] [WRITE] [test.txt]
[2026-05-16 13:02:07] [INFO] [contributor] [DISCONNECT] [sourcecode]
[2026-05-16 13:02:15] [INFO] [member] [CONNECT] [docs]
[2026-05-16 13:02:15] [WARNING] [member] [DENIED] [docs]
[2026-05-16 13:02:15] [WARNING] [member] [DENIED] [docs]
[2026-05-16 13:02:15] [INFO] [member] [DISCONNECT] [docs]
[2026-05-16 13:02:25] [INFO] [member] [CONNECT] [docs]
[2026-05-16 13:02:25] [WARNING] [member] [DENIED] [docs]
[2026-05-16 13:02:25] [WARNING] [member] [DENIED] [docs]
[2026-05-16 13:02:25] [INFO] [member] [DISCONNECT] [docs]
[2026-05-16 13:02:36] [INFO] [contributor] [CONNECT] [docs]
[2026-05-16 13:02:36] [WARNING] [contributor] [DENIED] [docs]
[2026-05-16 13:02:36] [WARNING] [contributor] [DENIED] [docs]
[2026-05-16 13:02:36] [INFO] [contributor] [DISCONNECT] [docs]
[2026-05-16 13:02:49] [INFO] [member] [CONNECT] [papers]
[2026-05-16 13:02:49] [WARNING] [member] [DENIED] [papers]
[2026-05-16 13:02:49] [INFO] [member] [DISCONNECT] [papers]
[2026-05-16 13:05:13] [INFO] [contributor] [CONNECT] [docs]
[2026-05-16 13:05:13] [WARNING] [contributor] [DENIED] [docs]
[2026-05-16 13:05:13] [WARNING] [contributor] [DENIED] [docs]
[2026-05-16 13:05:13] [INFO] [contributor] [DISCONNECT] [docs]
[2026-05-16 13:05:47] [INFO] [contributor] [CONNECT] [docs]
[2026-05-16 13:05:47] [WARNING] [contributor] [DENIED] [docs]
[2026-05-16 13:05:47] [WARNING] [contributor] [DENIED] [docs]
[2026-05-16 13:05:47] [INFO] [contributor] [DISCONNECT] [docs]
[2026-05-16 13:05:52] [INFO] [member] [CONNECT] [papers]
[2026-05-16 13:05:52] [WARNING] [member] [DENIED] [papers]
[2026-05-16 13:05:52] [INFO] [member] [DISCONNECT] [papers]
[2026-05-16 13:28:51] [INFO] [contributor] [CONNECT] [docs]
[2026-05-16 13:28:51] [INFO] [contributor] [DISCONNECT] [docs]
[2026-05-16 13:29:07] [INFO] [contributor] [CONNECT] [docs]
[2026-05-16 13:29:07] [INFO] [contributor] [DISCONNECT] [docs]
[2026-05-16 13:29:08] [INFO] [contributor] [CONNECT] [docs]
[2026-05-16 13:29:08] [INFO] [contributor] [DISCONNECT] [docs]
[2026-05-16 13:29:16] [INFO] [contributor] [CONNECT] [docs]
[2026-05-16 13:29:16] [WARNING] [contributor] [DENIED] [docs]
[2026-05-16 13:29:16] [WARNING] [contributor] [DENIED] [docs]
[2026-05-16 13:29:16] [INFO] [contributor] [DISCONNECT] [docs]
[2026-05-16 13:29:39] [INFO] [librarian] [CONNECT] [docs]
[2026-05-16 13:29:39] [INFO] [librarian] [DISCONNECT] [docs]
[2026-05-16 13:29:44] [INFO] [librarian] [CONNECT] [docs]
[2026-05-16 13:29:44] [WARNING] [librarian] [DENIED] [docs]
[2026-05-16 13:29:44] [INFO] [librarian] [WRITE] [test.txt]
[2026-05-16 13:29:44] [INFO] [librarian] [DISCONNECT] [docs]
